Saturday 7th October 2023 11:34:33 PM [INFO] ::: [api.database.php]  Database connected Successfully 
Saturday 7th October 2023 11:34:33 PM [INFO] ::: [api.database.php]  Database connected Successfully 
Saturday 7th October 2023 11:34:33 PM [INFO] ::: [api.database.php]  Database connected Successfully 
Saturday 7th October 2023 11:34:33 PM [INFO] ::: [api.database.php]  Database connected Successfully 
Saturday 7th October 2023 11:34:33 PM [INFO] ::: [api.database.php]  Database connected Successfully 
Saturday 7th October 2023 11:35:15 PM [INFO] ::: [api.database.php]  Database connected Successfully 
Saturday 7th October 2023 11:35:15 PM [INFO] ::: [api.database.php]  Database connected Successfully 
Saturday 7th October 2023 11:35:15 PM [INFO] ::: [api.database.php]  Database connected Successfully 
Saturday 7th October 2023 11:35:15 PM [INFO] ::: [api.database.php]  Database connected Successfully 
Saturday 7th October 2023 11:35:15 PM [INFO] ::: [api.database.php]  Database connected Successfully 
Saturday 7th October 2023 11:35:16 PM [INFO] ::: [api.database.php]  Database connected Successfully 
Saturday 7th October 2023 11:35:16 PM [INFO] ::: [api.database.php]  Database connected Successfully 
Saturday 7th October 2023 11:35:16 PM [INFO] ::: [api.database.php]  Database connected Successfully 
Saturday 7th October 2023 11:40:43 PM [INFO] ::: [api.database.php]  Database connected Successfully 
Saturday 7th October 2023 11:40:43 PM [INFO] ::: [api.database.php]  Database connected Successfully 
Saturday 7th October 2023 11:40:43 PM [INFO] ::: [api.database.php]  Database connected Successfully 
Saturday 7th October 2023 11:40:43 PM [INFO] ::: [api.database.php]  Database connected Successfully 
Saturday 7th October 2023 11:40:44 PM [INFO] ::: [api.database.php]  Database connected Successfully 
Saturday 7th October 2023 11:40:44 PM [INFO] ::: [api.database.php]  Database connected Successfully 
Saturday 7th October 2023 11:40:44 PM [INFO] ::: [api.database.php]  Database connected Successfully 
Saturday 7th October 2023 11:41:06 PM [INFO] ::: [api.database.php]  Database connected Successfully 
Saturday 7th October 2023 11:41:06 PM [INFO] ::: [api.database.php]  Query(Status-Error) : INSERT INTO user_accounts_info(surName, name, dob, gender, email, emailVal, accPwd, mcountrycode, mobile, mobileVal, dp, userTz, accActive, userRole) VALUES ('ABCDE','xyzab','','','adithyakankipati28@gmai.com','N','d41d8cd98f00b204e9800998ecf8427e','','','N','','Asia/Kolkata','','CUSTOMER') 
Saturday 7th October 2023 11:42:39 PM [INFO] ::: [api.database.php]  Database connected Successfully 
Saturday 7th October 2023 11:42:40 PM [INFO] ::: [api.database.php]  Database connected Successfully 
Saturday 7th October 2023 11:42:40 PM [INFO] ::: [api.database.php]  Database connected Successfully 
Saturday 7th October 2023 11:42:40 PM [INFO] ::: [api.database.php]  Database connected Successfully 
Saturday 7th October 2023 11:42:40 PM [INFO] ::: [api.database.php]  Database connected Successfully 
Saturday 7th October 2023 11:42:41 PM [INFO] ::: [api.database.php]  Database connected Successfully 
Saturday 7th October 2023 11:42:41 PM [INFO] ::: [api.database.php]  Database connected Successfully 
Saturday 7th October 2023 11:42:41 PM [INFO] ::: [api.database.php]  Database connected Successfully 
Saturday 7th October 2023 11:43:02 PM [INFO] ::: [api.database.php]  Database connected Successfully 
Saturday 7th October 2023 11:43:02 PM [INFO] ::: [api.database.php]  Query(Status-Success) : INSERT INTO user_accounts_info(surName, name, dob, gender, email, emailVal, accPwd, mcountrycode, mobile, mobileVal, dp, userTz, accActive, userRole) VALUES ('ABCDE','xyzab','','','adithyakankipati28@gmail.com','N','d41d8cd98f00b204e9800998ecf8427e','','','N','','Asia/Kolkata','','CUSTOMER') 
Saturday 7th October 2023 11:44:27 PM [INFO] ::: [api.database.php]  Database connected Successfully 
Saturday 7th October 2023 11:44:27 PM [INFO] ::: [api.database.php]  Database connected Successfully 
Saturday 7th October 2023 11:44:28 PM [INFO] ::: [api.database.php]  Database connected Successfully 
Saturday 7th October 2023 11:44:28 PM [INFO] ::: [api.database.php]  Database connected Successfully 
Saturday 7th October 2023 11:44:29 PM [INFO] ::: [api.database.php]  Database connected Successfully 
Saturday 7th October 2023 11:44:29 PM [INFO] ::: [api.database.php]  Database connected Successfully 
Saturday 7th October 2023 11:44:30 PM [INFO] ::: [api.database.php]  Database connected Successfully 
Saturday 7th October 2023 11:44:31 PM [INFO] ::: [api.database.php]  Database connected Successfully 
Saturday 7th October 2023 11:44:31 PM [INFO] ::: [api.database.php]  Database connected Successfully 
Saturday 7th October 2023 11:44:31 PM [INFO] ::: [api.database.php]  Database connected Successfully 
Saturday 7th October 2023 11:44:40 PM [INFO] ::: [api.database.php]  Database connected Successfully 
Saturday 7th October 2023 11:44:54 PM [INFO] ::: [api.database.php]  Database connected Successfully 
Saturday 7th October 2023 11:44:55 PM [INFO] ::: [api.database.php]  Database connected Successfully 
Saturday 7th October 2023 11:51:55 PM [INFO] ::: [api.database.php]  Database connected Successfully 
Saturday 7th October 2023 11:52:13 PM [INFO] ::: [api.database.php]  Database connected Successfully 
Saturday 7th October 2023 11:52:13 PM [INFO] ::: [api.database.php]  Query(Status-Success) : INSERT INTO user_accounts_info(surName, name, dob, gender, email, emailVal, accPwd, mcountrycode, mobile, mobileVal, dp, userTz, accActive, userRole) VALUES ('Kankipati','Adithya','','Male','adithyakankipati28@gmail.com','N','d41d8cd98f00b204e9800998ecf8427e','','','N','','Asia/Kolkata','','CUSTOMER') 
Saturday 7th October 2023 11:52:52 PM [INFO] ::: [api.database.php]  Database connected Successfully 
Saturday 7th October 2023 11:52:54 PM [INFO] ::: [api.database.php]  Database connected Successfully 
Saturday 7th October 2023 11:52:55 PM [INFO] ::: [api.database.php]  Database connected Successfully 
Saturday 7th October 2023 11:52:55 PM [INFO] ::: [api.database.php]  Database connected Successfully 
Saturday 7th October 2023 11:52:55 PM [INFO] ::: [api.database.php]  Database connected Successfully 
Saturday 7th October 2023 11:52:55 PM [INFO] ::: [api.database.php]  Database connected Successfully 
Saturday 7th October 2023 11:52:55 PM [INFO] ::: [api.database.php]  Database connected Successfully 
Saturday 7th October 2023 11:52:55 PM [INFO] ::: [api.database.php]  Database connected Successfully 
Saturday 7th October 2023 11:53:03 PM [INFO] ::: [api.database.php]  Database connected Successfully 
Saturday 7th October 2023 11:53:04 PM [INFO] ::: [api.database.php]  Database connected Successfully 
Saturday 7th October 2023 11:53:04 PM [INFO] ::: [api.database.php]  Database connected Successfully 
Saturday 7th October 2023 11:53:04 PM [INFO] ::: [api.database.php]  Database connected Successfully 
Saturday 7th October 2023 11:53:05 PM [INFO] ::: [api.database.php]  Database connected Successfully 
Saturday 7th October 2023 11:53:06 PM [INFO] ::: [api.database.php]  Database connected Successfully 
Saturday 7th October 2023 11:53:06 PM [INFO] ::: [api.database.php]  Database connected Successfully 
Saturday 7th October 2023 11:53:06 PM [INFO] ::: [api.database.php]  Database connected Successfully 
Saturday 7th October 2023 11:53:37 PM [INFO] ::: [api.database.php]  Database connected Successfully 
Saturday 7th October 2023 11:53:37 PM [INFO] ::: [api.database.php]  Query(Status-Success) : INSERT INTO user_accounts_info(surName, name, dob, gender, email, emailVal, accPwd, mcountrycode, mobile, mobileVal, dp, userTz, accActive, userRole) VALUES ('Kankipati','Athya','','Female','bcidusox@gmail.com','N','d41d8cd98f00b204e9800998ecf8427e','','','N','','Asia/Kolkata','N','CUSTOMER') 
Saturday 7th October 2023 11:54:49 PM [INFO] ::: [api.database.php]  Database connected Successfully 
Saturday 7th October 2023 11:54:50 PM [INFO] ::: [api.database.php]  Database connected Successfully 
Saturday 7th October 2023 11:54:50 PM [INFO] ::: [api.database.php]  Database connected Successfully 
Saturday 7th October 2023 11:54:50 PM [INFO] ::: [api.database.php]  Database connected Successfully 
Saturday 7th October 2023 11:54:50 PM [INFO] ::: [api.database.php]  Database connected Successfully 
Saturday 7th October 2023 11:54:51 PM [INFO] ::: [api.database.php]  Database connected Successfully 
Saturday 7th October 2023 11:54:51 PM [INFO] ::: [api.database.php]  Database connected Successfully 
Saturday 7th October 2023 11:54:51 PM [INFO] ::: [api.database.php]  Database connected Successfully 
Saturday 7th October 2023 11:55:00 PM [INFO] ::: [api.database.php]  Database connected Successfully 
Saturday 7th October 2023 11:55:00 PM [INFO] ::: [api.database.php]  Database connected Successfully 
Saturday 7th October 2023 11:55:09 PM [INFO] ::: [api.database.php]  Database connected Successfully 
Saturday 7th October 2023 11:55:10 PM [INFO] ::: [api.database.php]  Database connected Successfully 
Saturday 7th October 2023 11:55:28 PM [INFO] ::: [api.database.php]  Database connected Successfully 
Saturday 7th October 2023 11:57:43 PM [INFO] ::: [api.database.php]  Database connected Successfully 
Saturday 7th October 2023 11:58:40 PM [INFO] ::: [api.database.php]  Database connected Successfully 
Saturday 7th October 2023 11:58:40 PM [INFO] ::: [api.database.php]  Database connected Successfully 
Saturday 7th October 2023 11:58:40 PM [INFO] ::: [api.database.php]  Database connected Successfully 
Saturday 7th October 2023 11:58:41 PM [INFO] ::: [api.database.php]  Database connected Successfully 
Saturday 7th October 2023 11:58:41 PM [INFO] ::: [api.database.php]  Database connected Successfully 
Saturday 7th October 2023 11:58:42 PM [INFO] ::: [api.database.php]  Database connected Successfully 
Saturday 7th October 2023 11:58:42 PM [INFO] ::: [api.database.php]  Database connected Successfully 
Saturday 7th October 2023 11:58:42 PM [INFO] ::: [api.database.php]  Database connected Successfully 
Saturday 7th October 2023 11:58:50 PM [INFO] ::: [api.database.php]  Database connected Successfully 
Sunday 8th October 2023 12:00:26 AM [INFO] ::: [api.database.php]  Database connected Successfully 
Sunday 8th October 2023 12:00:26 AM [INFO] ::: [api.database.php]  Database connected Successfully 
Sunday 8th October 2023 12:00:27 AM [INFO] ::: [api.database.php]  Database connected Successfully 
Sunday 8th October 2023 12:00:27 AM [INFO] ::: [api.database.php]  Database connected Successfully 
Sunday 8th October 2023 12:00:27 AM [INFO] ::: [api.database.php]  Database connected Successfully 
Sunday 8th October 2023 12:00:28 AM [INFO] ::: [api.database.php]  Database connected Successfully 
Sunday 8th October 2023 12:00:28 AM [INFO] ::: [api.database.php]  Database connected Successfully 
Sunday 8th October 2023 12:00:28 AM [INFO] ::: [api.database.php]  Database connected Successfully 
Sunday 8th October 2023 12:00:39 AM [INFO] ::: [api.database.php]  Database connected Successfully 
Sunday 8th October 2023 12:01:59 AM [INFO] ::: [api.database.php]  Database connected Successfully 
Sunday 8th October 2023 12:02:00 AM [INFO] ::: [api.database.php]  Database connected Successfully 
Sunday 8th October 2023 12:02:00 AM [INFO] ::: [api.database.php]  Database connected Successfully 
Sunday 8th October 2023 12:02:00 AM [INFO] ::: [api.database.php]  Database connected Successfully 
Sunday 8th October 2023 12:02:00 AM [INFO] ::: [api.database.php]  Database connected Successfully 
Sunday 8th October 2023 12:02:01 AM [INFO] ::: [api.database.php]  Database connected Successfully 
Sunday 8th October 2023 12:02:01 AM [INFO] ::: [api.database.php]  Database connected Successfully 
Sunday 8th October 2023 12:02:02 AM [INFO] ::: [api.database.php]  Database connected Successfully 
Sunday 8th October 2023 12:02:04 AM [INFO] ::: [api.database.php]  Database connected Successfully 
Sunday 8th October 2023 12:02:04 AM [INFO] ::: [api.database.php]  Database connected Successfully 
Sunday 8th October 2023 12:02:04 AM [INFO] ::: [api.database.php]  Database connected Successfully 
Sunday 8th October 2023 12:02:05 AM [INFO] ::: [api.database.php]  Database connected Successfully 
Sunday 8th October 2023 12:02:05 AM [INFO] ::: [api.database.php]  Database connected Successfully 
Sunday 8th October 2023 12:02:05 AM [INFO] ::: [api.database.php]  Database connected Successfully 
Sunday 8th October 2023 12:02:05 AM [INFO] ::: [api.database.php]  Database connected Successfully 
Sunday 8th October 2023 12:02:07 AM [INFO] ::: [api.database.php]  Database connected Successfully 
Sunday 8th October 2023 12:02:08 AM [INFO] ::: [api.database.php]  Database connected Successfully 
Sunday 8th October 2023 12:02:08 AM [INFO] ::: [api.database.php]  Database connected Successfully 
Sunday 8th October 2023 12:02:08 AM [INFO] ::: [api.database.php]  Database connected Successfully 
Sunday 8th October 2023 12:02:08 AM [INFO] ::: [api.database.php]  Database connected Successfully 
Sunday 8th October 2023 12:02:09 AM [INFO] ::: [api.database.php]  Database connected Successfully 
Sunday 8th October 2023 12:02:09 AM [INFO] ::: [api.database.php]  Database connected Successfully 
Sunday 8th October 2023 12:02:10 AM [INFO] ::: [api.database.php]  Database connected Successfully 
Sunday 8th October 2023 12:04:27 AM [INFO] ::: [api.database.php]  Database connected Successfully 
Sunday 8th October 2023 12:04:27 AM [INFO] ::: [api.database.php]  Database connected Successfully 
Sunday 8th October 2023 12:04:28 AM [INFO] ::: [api.database.php]  Database connected Successfully 
Sunday 8th October 2023 12:04:28 AM [INFO] ::: [api.database.php]  Database connected Successfully 
Sunday 8th October 2023 12:04:28 AM [INFO] ::: [api.database.php]  Database connected Successfully 
Sunday 8th October 2023 12:04:28 AM [INFO] ::: [api.database.php]  Database connected Successfully 
Sunday 8th October 2023 12:04:29 AM [INFO] ::: [api.database.php]  Database connected Successfully 
Sunday 8th October 2023 12:04:29 AM [INFO] ::: [api.database.php]  Database connected Successfully 
Sunday 8th October 2023 12:04:36 AM [INFO] ::: [api.database.php]  Database connected Successfully 
Sunday 8th October 2023 12:18:55 AM [INFO] ::: [api.database.php]  Database connected Successfully 
Sunday 8th October 2023 12:18:55 AM [INFO] ::: [api.database.php]  Database connected Successfully 
Sunday 8th October 2023 12:18:56 AM [INFO] ::: [api.database.php]  Database connected Successfully 
Sunday 8th October 2023 12:18:56 AM [INFO] ::: [api.database.php]  Database connected Successfully 
Sunday 8th October 2023 12:18:56 AM [INFO] ::: [api.database.php]  Database connected Successfully 
Sunday 8th October 2023 12:18:57 AM [INFO] ::: [api.database.php]  Database connected Successfully 
Sunday 8th October 2023 12:18:57 AM [INFO] ::: [api.database.php]  Database connected Successfully 
Sunday 8th October 2023 12:18:57 AM [INFO] ::: [api.database.php]  Database connected Successfully 
Sunday 8th October 2023 12:19:08 AM [INFO] ::: [api.database.php]  Database connected Successfully 
Sunday 8th October 2023 12:22:16 AM [INFO] ::: [api.database.php]  Database connected Successfully 
Sunday 8th October 2023 12:22:16 AM [INFO] ::: [api.database.php]  Database connected Successfully 
Sunday 8th October 2023 12:22:18 AM [INFO] ::: [api.database.php]  Database connected Successfully 
Sunday 8th October 2023 12:22:21 AM [INFO] ::: [api.database.php]  Database connected Successfully 
Sunday 8th October 2023 12:22:22 AM [INFO] ::: [api.database.php]  Database connected Successfully 
Sunday 8th October 2023 12:22:22 AM [INFO] ::: [api.database.php]  Database connected Successfully 
Sunday 8th October 2023 12:22:22 AM [INFO] ::: [api.database.php]  Database connected Successfully 
Sunday 8th October 2023 12:22:23 AM [INFO] ::: [api.database.php]  Database connected Successfully 
Sunday 8th October 2023 12:22:24 AM [INFO] ::: [api.database.php]  Database connected Successfully 
Sunday 8th October 2023 12:22:24 AM [INFO] ::: [api.database.php]  Database connected Successfully 
Sunday 8th October 2023 12:22:24 AM [INFO] ::: [api.database.php]  Database connected Successfully 
Sunday 8th October 2023 12:22:35 AM [INFO] ::: [api.database.php]  Database connected Successfully 
Sunday 8th October 2023 12:22:55 AM [INFO] ::: [api.database.php]  Database connected Successfully 
Sunday 8th October 2023 12:22:55 AM [INFO] ::: [api.database.php]  Database connected Successfully 
Sunday 8th October 2023 12:22:55 AM [INFO] ::: [api.database.php]  Database connected Successfully 
Sunday 8th October 2023 12:22:55 AM [INFO] ::: [api.database.php]  Database connected Successfully 
Sunday 8th October 2023 12:22:56 AM [INFO] ::: [api.database.php]  Database connected Successfully 
Sunday 8th October 2023 12:22:56 AM [INFO] ::: [api.database.php]  Database connected Successfully 
Sunday 8th October 2023 12:22:56 AM [INFO] ::: [api.database.php]  Database connected Successfully 
Sunday 8th October 2023 12:22:57 AM [INFO] ::: [api.database.php]  Database connected Successfully 
Sunday 8th October 2023 12:23:05 AM [INFO] ::: [api.database.php]  Database connected Successfully 
Sunday 8th October 2023 12:25:13 AM [INFO] ::: [api.database.php]  Database connected Successfully 
Sunday 8th October 2023 12:25:13 AM [INFO] ::: [api.database.php]  Database connected Successfully 
Sunday 8th October 2023 12:25:13 AM [INFO] ::: [api.database.php]  Database connected Successfully 
Sunday 8th October 2023 12:25:13 AM [INFO] ::: [api.database.php]  Database connected Successfully 
Sunday 8th October 2023 12:25:14 AM [INFO] ::: [api.database.php]  Database connected Successfully 
Sunday 8th October 2023 12:25:14 AM [INFO] ::: [api.database.php]  Database connected Successfully 
Sunday 8th October 2023 12:25:15 AM [INFO] ::: [api.database.php]  Database connected Successfully 
Sunday 8th October 2023 12:25:15 AM [INFO] ::: [api.database.php]  Database connected Successfully 
Sunday 8th October 2023 12:25:25 AM [INFO] ::: [api.database.php]  Database connected Successfully 
Sunday 8th October 2023 12:40:13 AM [INFO] ::: [api.database.php]  Database connected Successfully 
Sunday 8th October 2023 12:40:13 AM [INFO] ::: [api.database.php]  Database connected Successfully 
Sunday 8th October 2023 12:40:13 AM [INFO] ::: [api.database.php]  Database connected Successfully 
Sunday 8th October 2023 12:40:13 AM [INFO] ::: [api.database.php]  Database connected Successfully 
Sunday 8th October 2023 12:40:14 AM [INFO] ::: [api.database.php]  Database connected Successfully 
Sunday 8th October 2023 12:40:14 AM [INFO] ::: [api.database.php]  Database connected Successfully 
Sunday 8th October 2023 12:40:14 AM [INFO] ::: [api.database.php]  Database connected Successfully 
Sunday 8th October 2023 12:40:15 AM [INFO] ::: [api.database.php]  Database connected Successfully 
Sunday 8th October 2023 12:40:21 AM [INFO] ::: [api.database.php]  Database connected Successfully 
Sunday 8th October 2023 01:16:01 AM [INFO] ::: [api.database.php]  Database connected Successfully 
Sunday 8th October 2023 01:16:01 AM [INFO] ::: [api.database.php]  Database connected Successfully 
Sunday 8th October 2023 01:16:01 AM [INFO] ::: [api.database.php]  Database connected Successfully 
Sunday 8th October 2023 01:16:02 AM [INFO] ::: [api.database.php]  Database connected Successfully 
Sunday 8th October 2023 01:16:02 AM [INFO] ::: [api.database.php]  Database connected Successfully 
Sunday 8th October 2023 01:16:02 AM [INFO] ::: [api.database.php]  Database connected Successfully 
Sunday 8th October 2023 01:16:03 AM [INFO] ::: [api.database.php]  Database connected Successfully 
Sunday 8th October 2023 01:16:03 AM [INFO] ::: [api.database.php]  Database connected Successfully 
Sunday 8th October 2023 01:16:21 AM [INFO] ::: [api.database.php]  Database connected Successfully 
Sunday 8th October 2023 01:19:18 AM [INFO] ::: [api.database.php]  Database connected Successfully 
Sunday 8th October 2023 01:19:18 AM [INFO] ::: [api.database.php]  Database connected Successfully 
Sunday 8th October 2023 01:19:18 AM [INFO] ::: [api.database.php]  Database connected Successfully 
Sunday 8th October 2023 01:19:18 AM [INFO] ::: [api.database.php]  Database connected Successfully 
Sunday 8th October 2023 01:19:19 AM [INFO] ::: [api.database.php]  Database connected Successfully 
Sunday 8th October 2023 01:19:19 AM [INFO] ::: [api.database.php]  Database connected Successfully 
Sunday 8th October 2023 01:19:19 AM [INFO] ::: [api.database.php]  Database connected Successfully 
Sunday 8th October 2023 01:19:19 AM [INFO] ::: [api.database.php]  Database connected Successfully 
Sunday 8th October 2023 01:19:23 AM [INFO] ::: [api.database.php]  Database connected Successfully 
Sunday 8th October 2023 01:19:24 AM [INFO] ::: [api.database.php]  Database connected Successfully 
Sunday 8th October 2023 01:19:32 AM [INFO] ::: [api.database.php]  Database connected Successfully 
Sunday 8th October 2023 01:21:22 AM [INFO] ::: [api.database.php]  Database connected Successfully 
Sunday 8th October 2023 01:21:22 AM [INFO] ::: [api.database.php]  Database connected Successfully 
Sunday 8th October 2023 01:21:22 AM [INFO] ::: [api.database.php]  Database connected Successfully 
Sunday 8th October 2023 01:21:22 AM [INFO] ::: [api.database.php]  Database connected Successfully 
Sunday 8th October 2023 01:21:23 AM [INFO] ::: [api.database.php]  Database connected Successfully 
Sunday 8th October 2023 01:21:23 AM [INFO] ::: [api.database.php]  Database connected Successfully 
Sunday 8th October 2023 01:21:23 AM [INFO] ::: [api.database.php]  Database connected Successfully 
Sunday 8th October 2023 01:21:23 AM [INFO] ::: [api.database.php]  Database connected Successfully 
Sunday 8th October 2023 01:21:31 AM [INFO] ::: [api.database.php]  Database connected Successfully 
Sunday 8th October 2023 01:31:22 AM [INFO] ::: [api.database.php]  Database connected Successfully 
Sunday 8th October 2023 01:31:22 AM [INFO] ::: [api.database.php]  Database connected Successfully 
Sunday 8th October 2023 01:31:22 AM [INFO] ::: [api.database.php]  Database connected Successfully 
Sunday 8th October 2023 01:31:22 AM [INFO] ::: [api.database.php]  Database connected Successfully 
Sunday 8th October 2023 01:31:23 AM [INFO] ::: [api.database.php]  Database connected Successfully 
Sunday 8th October 2023 01:31:23 AM [INFO] ::: [api.database.php]  Database connected Successfully 
Sunday 8th October 2023 01:31:23 AM [INFO] ::: [api.database.php]  Database connected Successfully 
Sunday 8th October 2023 01:31:24 AM [INFO] ::: [api.database.php]  Database connected Successfully 
Sunday 8th October 2023 01:31:25 AM [INFO] ::: [api.database.php]  Database connected Successfully 
Sunday 8th October 2023 01:36:43 AM [INFO] ::: [api.database.php]  Database connected Successfully 
Sunday 8th October 2023 01:36:43 AM [INFO] ::: [api.database.php]  Query(Status-Success) : UPDATE user_accounts_info SET email='adithyakankipati28@gmail.com', emailVal='N', email='adithyakankipati28@gmail.com', accPwd='ebaf18c3e84d461e8b38424882e24523', mobileVal='N' WHERE userId=1; 
Sunday 8th October 2023 01:37:06 AM [INFO] ::: [api.database.php]  Database connected Successfully 
Sunday 8th October 2023 01:37:07 AM [INFO] ::: [api.database.php]  Database connected Successfully 
Sunday 8th October 2023 01:37:07 AM [INFO] ::: [api.database.php]  Database connected Successfully 
Sunday 8th October 2023 01:37:07 AM [INFO] ::: [api.database.php]  Database connected Successfully 
Sunday 8th October 2023 01:37:07 AM [INFO] ::: [api.database.php]  Database connected Successfully 
Sunday 8th October 2023 01:37:08 AM [INFO] ::: [api.database.php]  Database connected Successfully 
Sunday 8th October 2023 01:37:08 AM [INFO] ::: [api.database.php]  Database connected Successfully 
Sunday 8th October 2023 01:37:08 AM [INFO] ::: [api.database.php]  Database connected Successfully 
Sunday 8th October 2023 01:37:15 AM [INFO] ::: [api.database.php]  Database connected Successfully 
Sunday 8th October 2023 01:37:33 AM [INFO] ::: [api.database.php]  Database connected Successfully 
Sunday 8th October 2023 01:37:33 AM [INFO] ::: [api.database.php]  Database connected Successfully 
Sunday 8th October 2023 01:37:34 AM [INFO] ::: [api.database.php]  Database connected Successfully 
Sunday 8th October 2023 01:37:34 AM [INFO] ::: [api.database.php]  Database connected Successfully 
Sunday 8th October 2023 01:37:34 AM [INFO] ::: [api.database.php]  Database connected Successfully 
Sunday 8th October 2023 01:37:34 AM [INFO] ::: [api.database.php]  Database connected Successfully 
Sunday 8th October 2023 01:37:35 AM [INFO] ::: [api.database.php]  Database connected Successfully 
Sunday 8th October 2023 01:37:35 AM [INFO] ::: [api.database.php]  Database connected Successfully 
Sunday 8th October 2023 01:37:44 AM [INFO] ::: [api.database.php]  Database connected Successfully 
Sunday 8th October 2023 01:38:03 AM [INFO] ::: [api.database.php]  Database connected Successfully 
Sunday 8th October 2023 01:38:03 AM [INFO] ::: [api.database.php]  Database connected Successfully 
Sunday 8th October 2023 01:38:03 AM [INFO] ::: [api.database.php]  Database connected Successfully 
Sunday 8th October 2023 01:38:04 AM [INFO] ::: [api.database.php]  Database connected Successfully 
Sunday 8th October 2023 01:38:04 AM [INFO] ::: [api.database.php]  Database connected Successfully 
Sunday 8th October 2023 01:38:04 AM [INFO] ::: [api.database.php]  Database connected Successfully 
Sunday 8th October 2023 01:38:04 AM [INFO] ::: [api.database.php]  Database connected Successfully 
Sunday 8th October 2023 01:38:05 AM [INFO] ::: [api.database.php]  Database connected Successfully 
Sunday 8th October 2023 01:38:11 AM [INFO] ::: [api.database.php]  Database connected Successfully 
Sunday 8th October 2023 01:38:44 AM [INFO] ::: [api.database.php]  Database connected Successfully 
Sunday 8th October 2023 01:38:44 AM [INFO] ::: [api.database.php]  Database connected Successfully 
Sunday 8th October 2023 01:38:45 AM [INFO] ::: [api.database.php]  Database connected Successfully 
Sunday 8th October 2023 01:38:45 AM [INFO] ::: [api.database.php]  Database connected Successfully 
Sunday 8th October 2023 01:38:45 AM [INFO] ::: [api.database.php]  Database connected Successfully 
Sunday 8th October 2023 01:38:45 AM [INFO] ::: [api.database.php]  Database connected Successfully 
Sunday 8th October 2023 01:38:46 AM [INFO] ::: [api.database.php]  Database connected Successfully 
Sunday 8th October 2023 01:38:46 AM [INFO] ::: [api.database.php]  Database connected Successfully 
Sunday 8th October 2023 01:39:08 AM [INFO] ::: [api.database.php]  Database connected Successfully 
Sunday 8th October 2023 01:39:25 AM [INFO] ::: [api.database.php]  Database connected Successfully 
Sunday 8th October 2023 01:39:25 AM [INFO] ::: [api.database.php]  Database connected Successfully 
Sunday 8th October 2023 01:39:25 AM [INFO] ::: [api.database.php]  Database connected Successfully 
Sunday 8th October 2023 01:39:25 AM [INFO] ::: [api.database.php]  Database connected Successfully 
Sunday 8th October 2023 01:39:25 AM [INFO] ::: [api.database.php]  Database connected Successfully 
Sunday 8th October 2023 01:39:26 AM [INFO] ::: [api.database.php]  Database connected Successfully 
Sunday 8th October 2023 01:39:26 AM [INFO] ::: [api.database.php]  Database connected Successfully 
Sunday 8th October 2023 01:39:26 AM [INFO] ::: [api.database.php]  Database connected Successfully 
Sunday 8th October 2023 01:39:45 AM [INFO] ::: [api.database.php]  Database connected Successfully 
Sunday 8th October 2023 01:40:08 AM [INFO] ::: [api.database.php]  Database connected Successfully 
Sunday 8th October 2023 01:40:08 AM [INFO] ::: [api.database.php]  Database connected Successfully 
Sunday 8th October 2023 01:40:08 AM [INFO] ::: [api.database.php]  Database connected Successfully 
Sunday 8th October 2023 01:40:08 AM [INFO] ::: [api.database.php]  Database connected Successfully 
Sunday 8th October 2023 01:40:09 AM [INFO] ::: [api.database.php]  Database connected Successfully 
Sunday 8th October 2023 01:40:09 AM [INFO] ::: [api.database.php]  Database connected Successfully 
Sunday 8th October 2023 01:40:09 AM [INFO] ::: [api.database.php]  Database connected Successfully 
Sunday 8th October 2023 01:40:10 AM [INFO] ::: [api.database.php]  Database connected Successfully 
Sunday 8th October 2023 01:40:16 AM [INFO] ::: [api.database.php]  Database connected Successfully 
Sunday 8th October 2023 01:42:51 AM [INFO] ::: [api.database.php]  Database connected Successfully 
Sunday 8th October 2023 01:42:51 AM [INFO] ::: [api.database.php]  Database connected Successfully 
Sunday 8th October 2023 01:42:51 AM [INFO] ::: [api.database.php]  Database connected Successfully 
Sunday 8th October 2023 01:42:51 AM [INFO] ::: [api.database.php]  Database connected Successfully 
Sunday 8th October 2023 01:42:52 AM [INFO] ::: [api.database.php]  Database connected Successfully 
Sunday 8th October 2023 01:42:52 AM [INFO] ::: [api.database.php]  Database connected Successfully 
Sunday 8th October 2023 01:42:53 AM [INFO] ::: [api.database.php]  Database connected Successfully 
Sunday 8th October 2023 01:42:53 AM [INFO] ::: [api.database.php]  Database connected Successfully 
Sunday 8th October 2023 01:43:12 AM [INFO] ::: [api.database.php]  Database connected Successfully 
Sunday 8th October 2023 01:48:49 AM [INFO] ::: [api.database.php]  Database connected Successfully 
Sunday 8th October 2023 01:48:49 AM [INFO] ::: [api.database.php]  Database connected Successfully 
Sunday 8th October 2023 01:48:49 AM [INFO] ::: [api.database.php]  Database connected Successfully 
Sunday 8th October 2023 01:48:50 AM [INFO] ::: [api.database.php]  Database connected Successfully 
Sunday 8th October 2023 01:48:50 AM [INFO] ::: [api.database.php]  Database connected Successfully 
Sunday 8th October 2023 01:48:50 AM [INFO] ::: [api.database.php]  Database connected Successfully 
Sunday 8th October 2023 01:48:51 AM [INFO] ::: [api.database.php]  Database connected Successfully 
Sunday 8th October 2023 01:48:51 AM [INFO] ::: [api.database.php]  Database connected Successfully 
Sunday 8th October 2023 01:49:03 AM [INFO] ::: [api.database.php]  Database connected Successfully 
Sunday 8th October 2023 01:49:32 AM [INFO] ::: [api.database.php]  Database connected Successfully 
Sunday 8th October 2023 01:49:32 AM [INFO] ::: [api.database.php]  Database connected Successfully 
Sunday 8th October 2023 01:49:32 AM [INFO] ::: [api.database.php]  Database connected Successfully 
Sunday 8th October 2023 01:49:32 AM [INFO] ::: [api.database.php]  Database connected Successfully 
Sunday 8th October 2023 01:49:33 AM [INFO] ::: [api.database.php]  Database connected Successfully 
Sunday 8th October 2023 01:49:33 AM [INFO] ::: [api.database.php]  Database connected Successfully 
Sunday 8th October 2023 01:49:33 AM [INFO] ::: [api.database.php]  Database connected Successfully 
Sunday 8th October 2023 01:49:34 AM [INFO] ::: [api.database.php]  Database connected Successfully 
Sunday 8th October 2023 01:49:41 AM [INFO] ::: [api.database.php]  Database connected Successfully 
Sunday 8th October 2023 01:50:12 AM [INFO] ::: [api.database.php]  Database connected Successfully 
Sunday 8th October 2023 01:50:16 AM [INFO] ::: [api.database.php]  Database connected Successfully 
Sunday 8th October 2023 01:50:17 AM [INFO] ::: [api.database.php]  Database connected Successfully 
Sunday 8th October 2023 01:50:17 AM [INFO] ::: [api.database.php]  Database connected Successfully 
Sunday 8th October 2023 01:50:17 AM [INFO] ::: [api.database.php]  Database connected Successfully 
Sunday 8th October 2023 01:50:17 AM [INFO] ::: [api.database.php]  Database connected Successfully 
Sunday 8th October 2023 01:50:18 AM [INFO] ::: [api.database.php]  Database connected Successfully 
Sunday 8th October 2023 01:50:18 AM [INFO] ::: [api.database.php]  Database connected Successfully 
Sunday 8th October 2023 01:50:18 AM [INFO] ::: [api.database.php]  Database connected Successfully 
Sunday 8th October 2023 01:50:25 AM [INFO] ::: [api.database.php]  Database connected Successfully 
Sunday 8th October 2023 01:59:43 AM [INFO] ::: [api.database.php]  Database connected Successfully 
Sunday 8th October 2023 01:59:44 AM [INFO] ::: [api.database.php]  Database connected Successfully 
Sunday 8th October 2023 01:59:44 AM [INFO] ::: [api.database.php]  Database connected Successfully 
Sunday 8th October 2023 01:59:44 AM [INFO] ::: [api.database.php]  Database connected Successfully 
Sunday 8th October 2023 01:59:45 AM [INFO] ::: [api.database.php]  Database connected Successfully 
Sunday 8th October 2023 01:59:45 AM [INFO] ::: [api.database.php]  Database connected Successfully 
Sunday 8th October 2023 01:59:45 AM [INFO] ::: [api.database.php]  Database connected Successfully 
Sunday 8th October 2023 01:59:46 AM [INFO] ::: [api.database.php]  Database connected Successfully 
Sunday 8th October 2023 01:59:47 AM [INFO] ::: [api.database.php]  Database connected Successfully 
Sunday 8th October 2023 02:02:03 AM [INFO] ::: [api.database.php]  Database connected Successfully 
Sunday 8th October 2023 02:02:03 AM [INFO] ::: [api.database.php]  Database connected Successfully 
Sunday 8th October 2023 02:02:03 AM [INFO] ::: [api.database.php]  Database connected Successfully 
Sunday 8th October 2023 02:02:03 AM [INFO] ::: [api.database.php]  Database connected Successfully 
Sunday 8th October 2023 02:02:04 AM [INFO] ::: [api.database.php]  Database connected Successfully 
Sunday 8th October 2023 02:02:04 AM [INFO] ::: [api.database.php]  Database connected Successfully 
Sunday 8th October 2023 02:02:04 AM [INFO] ::: [api.database.php]  Database connected Successfully 
Sunday 8th October 2023 02:02:05 AM [INFO] ::: [api.database.php]  Database connected Successfully 
Sunday 8th October 2023 02:02:06 AM [INFO] ::: [api.database.php]  Database connected Successfully 
Sunday 8th October 2023 02:02:44 AM [INFO] ::: [api.database.php]  Database connected Successfully 
Sunday 8th October 2023 02:02:45 AM [INFO] ::: [api.database.php]  Database connected Successfully 
Sunday 8th October 2023 02:02:45 AM [INFO] ::: [api.database.php]  Database connected Successfully 
Sunday 8th October 2023 02:02:46 AM [INFO] ::: [api.database.php]  Database connected Successfully 
Sunday 8th October 2023 02:02:47 AM [INFO] ::: [api.database.php]  Database connected Successfully 
Sunday 8th October 2023 02:02:48 AM [INFO] ::: [api.database.php]  Database connected Successfully 
Sunday 8th October 2023 02:02:51 AM [INFO] ::: [api.database.php]  Database connected Successfully 
Sunday 8th October 2023 02:02:52 AM [INFO] ::: [api.database.php]  Database connected Successfully 
Sunday 8th October 2023 02:02:52 AM [INFO] ::: [api.database.php]  Database connected Successfully 
Sunday 8th October 2023 02:02:55 AM [INFO] ::: [api.database.php]  Database connected Successfully 
Sunday 8th October 2023 02:03:27 AM [INFO] ::: [api.database.php]  Database connected Successfully 
Sunday 8th October 2023 02:03:27 AM [INFO] ::: [api.database.php]  Database connected Successfully 
Sunday 8th October 2023 02:03:28 AM [INFO] ::: [api.database.php]  Database connected Successfully 
Sunday 8th October 2023 02:03:28 AM [INFO] ::: [api.database.php]  Database connected Successfully 
Sunday 8th October 2023 02:03:28 AM [INFO] ::: [api.database.php]  Database connected Successfully 
Sunday 8th October 2023 02:03:28 AM [INFO] ::: [api.database.php]  Database connected Successfully 
Sunday 8th October 2023 02:03:28 AM [INFO] ::: [api.database.php]  Database connected Successfully 
Sunday 8th October 2023 02:03:29 AM [INFO] ::: [api.database.php]  Database connected Successfully 
Sunday 8th October 2023 02:04:49 AM [INFO] ::: [api.database.php]  Database connected Successfully 
Sunday 8th October 2023 02:04:49 AM [INFO] ::: [api.database.php]  Database connected Successfully 
Sunday 8th October 2023 02:04:49 AM [INFO] ::: [api.database.php]  Database connected Successfully 
Sunday 8th October 2023 02:04:49 AM [INFO] ::: [api.database.php]  Database connected Successfully 
Sunday 8th October 2023 02:04:50 AM [INFO] ::: [api.database.php]  Database connected Successfully 
Sunday 8th October 2023 02:04:50 AM [INFO] ::: [api.database.php]  Database connected Successfully 
Sunday 8th October 2023 02:04:51 AM [INFO] ::: [api.database.php]  Database connected Successfully 
Sunday 8th October 2023 02:04:51 AM [INFO] ::: [api.database.php]  Database connected Successfully 
Sunday 8th October 2023 02:04:57 AM [INFO] ::: [api.database.php]  Database connected Successfully 
Sunday 8th October 2023 02:07:39 AM [INFO] ::: [api.database.php]  Database connected Successfully 
Sunday 8th October 2023 02:07:39 AM [INFO] ::: [api.database.php]  Database connected Successfully 
Sunday 8th October 2023 02:07:39 AM [INFO] ::: [api.database.php]  Database connected Successfully 
Sunday 8th October 2023 02:07:39 AM [INFO] ::: [api.database.php]  Database connected Successfully 
Sunday 8th October 2023 02:07:39 AM [INFO] ::: [api.database.php]  Database connected Successfully 
Sunday 8th October 2023 02:07:40 AM [INFO] ::: [api.database.php]  Database connected Successfully 
Sunday 8th October 2023 02:07:40 AM [INFO] ::: [api.database.php]  Database connected Successfully 
Sunday 8th October 2023 02:07:40 AM [INFO] ::: [api.database.php]  Database connected Successfully 
Sunday 8th October 2023 02:07:44 AM [INFO] ::: [api.database.php]  Database connected Successfully 
Sunday 8th October 2023 02:08:27 AM [INFO] ::: [api.database.php]  Database connected Successfully 
Sunday 8th October 2023 02:08:27 AM [INFO] ::: [api.database.php]  Query(Status-Success) : UPDATE user_accounts_info SET email='adithyakankipati28@gmail.com', emailVal='N', email='adithyakankipati28@gmail.com', accPwd='ec73a6bff5c95231fbf3d60757704c16', mobileVal='N' WHERE userId=1; 
Sunday 8th October 2023 02:09:00 AM [INFO] ::: [api.database.php]  Database connected Successfully 
Sunday 8th October 2023 02:09:00 AM [INFO] ::: [api.database.php]  Query(Status-Success) : UPDATE user_accounts_info SET email='adithyakankipati28@gmail.com', emailVal='N', email='adithyakankipati28@gmail.com', accPwd='ec73a6bff5c95231fbf3d60757704c16', mobileVal='N' WHERE userId=1; 
Saturday 14th October 2023 02:09:37 AM [INFO] ::: [api.database.php]  Database connected Successfully 
Saturday 14th October 2023 02:09:37 AM [INFO] ::: [api.database.php]  Database connected Successfully 
Saturday 14th October 2023 02:09:37 AM [INFO] ::: [api.database.php]  Database connected Successfully 
Saturday 14th October 2023 02:09:37 AM [INFO] ::: [api.database.php]  Database connected Successfully 
Saturday 14th October 2023 02:09:37 AM [INFO] ::: [api.database.php]  Database connected Successfully 
Saturday 14th October 2023 02:09:37 AM [INFO] ::: [api.database.php]  Database connected Successfully 
Saturday 14th October 2023 02:09:38 AM [INFO] ::: [api.database.php]  Database connected Successfully 
Saturday 14th October 2023 02:09:38 AM [INFO] ::: [api.database.php]  Database connected Successfully 
Saturday 14th October 2023 02:09:45 AM [INFO] ::: [api.database.php]  Database connected Successfully 
Wednesday 18th October 2023 03:01:29 AM [INFO] ::: [api.database.php]  Database connected Successfully 
Wednesday 18th October 2023 03:02:05 AM [INFO] ::: [api.database.php]  Database connected Successfully 
